T085C 195:400 SEGGER J-Link V6.12 Log File (0011ms, 0239ms total)
T085C 195:400 DLL Compiled: Nov 25 2016 18:08:26 (0011ms, 0239ms total)
T085C 195:400 Logging started @ 2018-01-06 16:11 (0011ms, 0239ms total)
T085C 195:451 JLINK_ExecCommand("Device = ATSAMD21E18A", ...).   returns 0x00 (0002ms, 0241ms total)
T085C 195:563 JLINK_ExecCommand("device = ATSAMD21E18A", ...).   returns 0x00 (0005ms, 0246ms total)
T085C 195:568 JLINK_GetHWStatus(...)  returns 0x00 (0000ms, 0246ms total)
T085C 195:568 JLINK_ClrRESET() (0002ms, 0248ms total)
T085C 195:570 JLINK_SetRESET() (0001ms, 0249ms total)
T085C 195:571 JLINK_ClrRESET() (0000ms, 0249ms total)
T085C 195:571 JLINK_ClrTCK()  returns 0x00 (0001ms, 0250ms total)
T085C 195:572 JLINK_SetRESET() (0000ms, 0250ms total)
T085C 195:572 JLINK_Clock()  returns 0x00 (0001ms, 0251ms total)
T085C 195:573 JLINK_TIF_Select(JLINKARM_TIF_SWD)  returns 0x00 (0002ms, 0253ms total)
T085C 195:575 JLINK_SetSpeed(50) (0001ms, 0254ms total)
T085C 195:576 JLINK_JTAG_StoreRaw(..., 0x108 Bits)  returns 0x00 (0000ms, 0254ms total)
T085C 195:576 JLINK_JTAG_GetU32(BitPos = 227) >0x108 TIF>  returns 0x0BC11477 (0007ms, 0261ms total)
T085C 195:583 JLINK_JTAG_StoreRaw(..., 0x08 Bits)  returns 0x00 (0000ms, 0261ms total)
T085C 195:583 JLINK_JTAG_StoreRaw(..., 0x03 Bits)  returns 0x08 (0000ms, 0261ms total)
T085C 195:583 JLINK_JTAG_StoreRaw(..., 0x28 Bits)  returns 0x0B (0000ms, 0261ms total)
T085C 195:584 JLINK_JTAG_GetU8(BitPos = 8) >0x33 TIF>  returns 0xB9 (0001ms, 0263ms total)
T085C 195:585 JLINK_JTAG_GetU32(BitPos = 11)  returns 0xFFF91477 (0000ms, 0263ms total)
T085C 195:585 JLINK_JTAG_GetU8(BitPos = 43)  returns 0xFF (0000ms, 0263ms total)
T085C 195:585 JLINK_JTAG_StoreRaw(..., 0x08 Bits)  returns 0x00 (0000ms, 0263ms total)
T085C 195:585 JLINK_JTAG_StoreRaw(..., 0x03 Bits)  returns 0x08 (0000ms, 0263ms total)
T085C 195:585 JLINK_JTAG_StoreRaw(..., 0x28 Bits)  returns 0x0B (0000ms, 0263ms total)
T085C 195:585 JLINK_JTAG_GetU8(BitPos = 8) >0x33 TIF>  returns 0xFF (0002ms, 0265ms total)
T085C 195:587 JLINK_JTAG_GetU32(BitPos = 11)  returns 0xFFFFFFFF (0000ms, 0265ms total)
T085C 195:587 JLINK_JTAG_StoreRaw(..., 0x08 Bits)  returns 0x00 (0000ms, 0265ms total)
T085C 195:587 JLINK_JTAG_StoreRaw(..., 0x03 Bits)  returns 0x08 (0000ms, 0265ms total)
T085C 195:587 JLINK_JTAG_StoreRaw(..., 0x02 Bits)  returns 0x0B (0000ms, 0265ms total)
T085C 195:587 JLINK_JTAG_StoreRaw(..., 0x28 Bits)  returns 0x0D (0000ms, 0265ms total)
T085C 195:587 JLINK_JTAG_GetU8(BitPos = 8) >0x35 TIF>  returns 0xFF (0001ms, 0266ms total)
T085C 195:588 JLINK_JTAG_StoreRaw(..., 0x08 Bits)  returns 0x00 (0000ms, 0266ms total)
T085C 195:588 JLINK_JTAG_StoreRaw(..., 0x03 Bits)  returns 0x08 (0000ms, 0266ms total)
T085C 195:588 JLINK_JTAG_StoreRaw(..., 0x28 Bits)  returns 0x0B (0000ms, 0266ms total)
T085C 195:588 JLINK_JTAG_GetU8(BitPos = 8) >0x33 TIF>  returns 0xFF (0002ms, 0268ms total)
T085C 195:590 JLINK_JTAG_GetU32(BitPos = 11)  returns 0xFFFFFFFF (0000ms, 0268ms total)
T085C 195:591 JLINK_WriteU32(0x41002100, 0x00000010) >0x108 TIF> >0x108 TIF> >0x108 TIF>Found SWD-DP with ID 0x0BC11477 >0x0D TIF> >0x28 TIF> >0x0D TIF> >0x28 TIF> >0x0D TIF> >0x28 TIF> >0x0D TIF> >0x28 TIF> >0x0D TIF> >0x21 TIF> >0x0D TIF> >0x28 TIF> >0x0D TIF> >0x28 TIF> >0x0D TIF> >0x28 TIF> >0x0D TIF> >0x21 TIF> >0x0D TIF> >0x21 TIF> >0x0D TIF> >0x28 TIF> >0x0D TIF> >0x28 TIF> >0x0D TIF> >0x28 TIF> >0x0D TIF> >0x28 TIF> >0x0D TIF> >0x28 TIF> >0x0D TIF> >0x28 TIF> >0x0D TIF> >0x21 TIF> >0x0D TIF>
 >0x21 TIF> >0x0D TIF> >0x28 TIF> >0x0D TIF> >0x28 TIF> >0x108 TIF>Found SWD-DP with ID 0x0BC11477 >0x0D TIF> >0x28 TIF> >0x0D TIF> >0x28 TIF> >0x0D TIF> >0x28 TIF> >0x0D TIF> >0x28 TIF> >0x0D TIF> >0x21 TIF> >0x0D TIF> >0x28 TIF> >0x0D TIF> >0x28 TIF> >0x0D TIF> >0x21 TIF> >0x0D TIF> >0x21 TIF> >0x0D TIF> >0x21 TIF>AP-IDR: 0x04770031, Type: AHB-AP >0x0D TIF> >0x28 TIF> >0x0D TIF> >0x28 TIF> >0x0D TIF> >0x28 TIF> >0x0D TIF> >0x21 TIF> >0x0D TIF> >0x21 TIF> >0x0D TIF> >0x28 TIF> >0x0D TIF> >0x21 TIF>
 >0x0D TIF> >0x21 TIF>Found Cortex-M0 r0p1, Little endian. -- CPU_ReadMem(4 bytes @ 0xE000EDF0) -- CPU_ReadMem(4 bytes @ 0xE0002000) -- CPU_ReadMem(4 bytes @ 0xE000EDFC) -- CPU_ReadMem(4 bytes @ 0xE0001000) -- CPU_WriteMem(4 bytes @ 0xE0001000)CoreSight components:ROMTbl 0 @ 41003000 -- CPU_ReadMem(16 bytes @ 0x41003000) -- CPU_ReadMem(16 bytes @ 0xE00FFFF0) -- CPU_ReadMem(16 bytes @ 0xE00FFFE0)ROMTbl 0 [0]: 9F0FC000, CID: B105100D, PID: 000BB4C0 ROM TableROMTbl 1 @ E00FF000
 -- CPU_ReadMem(16 bytes @ 0xE00FF000) -- CPU_ReadMem(16 bytes @ 0xE000EFF0) -- CPU_ReadMem(16 bytes @ 0xE000EFE0)ROMTbl 1 [0]: FFF0F000, CID: B105E00D, PID: 000BB008 SCS -- CPU_ReadMem(16 bytes @ 0xE0001FF0) -- CPU_ReadMem(16 bytes @ 0xE0001FE0)ROMTbl 1 [1]: FFF02000, CID: B105E00D, PID: 000BB00A DWT -- CPU_ReadMem(16 bytes @ 0xE0002FF0) -- CPU_ReadMem(16 bytes @ 0xE0002FE0)ROMTbl 1 [2]: FFF03000, CID: B105E00D, PID: 000BB00B FPB -- CPU_ReadMem(16 bytes @ 0x41006FF0)
 -- CPU_ReadMem(16 bytes @ 0x41006FE0)ROMTbl 0 [1]: 00003000, CID: B105900D, PID: 001BB932 MTB-M0+ -- CPU is running -- CPU_WriteMem(4 bytes @ 0x41002100)  returns 0x00 (0404ms, 0672ms total)
T085C 195:995 JLINK_ReadMem (0x41002101, 0x0001 Bytes, ...) -- CPU is running -- CPU_ReadMem(1 bytes @ 0x41002101) - Data: 00  returns 0x00 (0006ms, 0678ms total)
T085C 196:205 JLINK_ReadMem (0x41002101, 0x0001 Bytes, ...) -- CPU is running -- CPU_ReadMem(1 bytes @ 0x41002101) - Data: 01  returns 0x00 (0006ms, 0684ms total)
T085C 196:214 JLINK_ExecCommand("ProjectFile = C:\Users\dell\Documents\Atmel Studio\7.0\SAMD_LowCurrentDraw\Sketch1\jlink.config", ...).   returns 0x00 (0004ms, 0688ms total)
T085C 196:283 JLINK_ExecCommand("Device = ATSAMD21E18A", ...).   returns 0x00 (0003ms, 0691ms total)
T085C 196:286 JLINK_TIF_Select(JLINKARM_TIF_SWD)  returns 0x00 (0000ms, 0691ms total)
T085C 196:286 JLINK_SetSpeed(4000) (0001ms, 0692ms total)
T085C 196:287 JLINK_ResetPullsRESET(OFF) (0000ms, 0692ms total)
T085C 196:287 JLINK_Connect() >0x108 TIF>Found SWD-DP with ID 0x0BC11477 >0x0D TIF> >0x28 TIF> >0x0D TIF> >0x28 TIF> >0x0D TIF> >0x28 TIF> >0x0D TIF> >0x28 TIF> >0x0D TIF> >0x21 TIF> >0x0D TIF> >0x28 TIF> >0x0D TIF> >0x28 TIF> >0x0D TIF> >0x28 TIF> >0x0D TIF> >0x21 TIF> >0x0D TIF> >0x21 TIF> >0x108 TIF>Found SWD-DP with ID 0x0BC11477 >0x0D TIF> >0x28 TIF> >0x0D TIF> >0x28 TIF> >0x0D TIF> >0x28 TIF> >0x0D TIF> >0x28 TIF> >0x0D TIF> >0x21 TIF> >0x0D TIF> >0x28 TIF> >0x0D TIF> >0x28 TIF> >0x0D TIF>
 >0x21 TIF> >0x0D TIF> >0x21 TIF> >0x0D TIF> >0x21 TIF>AP-IDR: 0x04770031, Type: AHB-AP >0x0D TIF> >0x28 TIF> >0x0D TIF> >0x28 TIF> >0x0D TIF> >0x28 TIF> >0x0D TIF> >0x21 TIF> >0x0D TIF> >0x21 TIF> >0x0D TIF> >0x28 TIF> >0x0D TIF> >0x21 TIF> >0x0D TIF> >0x21 TIF>Found Cortex-M0 r0p1, Little endian. -- CPU_ReadMem(4 bytes @ 0xE000EDF0) -- CPU_ReadMem(4 bytes @ 0xE0002000) -- CPU_ReadMem(4 bytes @ 0xE000EDFC) -- CPU_ReadMem(4 bytes @ 0xE0001000) -- CPU_WriteMem(4 bytes @ 0xE0001000)CoreSight components:
ROMTbl 0 @ 41003000 -- CPU_ReadMem(16 bytes @ 0x41003000) -- CPU_ReadMem(16 bytes @ 0xE00FFFF0) -- CPU_ReadMem(16 bytes @ 0xE00FFFE0)ROMTbl 0 [0]: 9F0FC000, CID: B105100D, PID: 000BB4C0 ROM TableROMTbl 1 @ E00FF000 -- CPU_ReadMem(16 bytes @ 0xE00FF000) -- CPU_ReadMem(16 bytes @ 0xE000EFF0) -- CPU_ReadMem(16 bytes @ 0xE000EFE0)ROMTbl 1 [0]: FFF0F000, CID: B105E00D, PID: 000BB008 SCS -- CPU_ReadMem(16 bytes @ 0xE0001FF0) -- CPU_ReadMem(16 bytes @ 0xE0001FE0)
ROMTbl 1 [1]: FFF02000, CID: B105E00D, PID: 000BB00A DWT -- CPU_ReadMem(16 bytes @ 0xE0002FF0) -- CPU_ReadMem(16 bytes @ 0xE0002FE0)ROMTbl 1 [2]: FFF03000, CID: B105E00D, PID: 000BB00B FPB -- CPU_ReadMem(16 bytes @ 0x41006FF0) -- CPU_ReadMem(16 bytes @ 0x41006FE0)ROMTbl 0 [1]: 00003000, CID: B105900D, PID: 001BB932 MTB-M0+  returns 0x00 (0055ms, 0747ms total)
T085C 196:342 JLINK_Halt()  returns 0x00 (0003ms, 0750ms total)
T085C 196:363 JLINK_JTAG_GetDeviceID(DeviceIndex = 0)  returns 0x00 (0000ms, 0750ms total)
T085C 196:363 JLINK_ReadMemU32(0x41002018, 0x0001 Items, ...) -- CPU_ReadMem(4 bytes @ 0x41002018) - Data: 0A 03 01 10  returns 0x01 (0001ms, 0751ms total)
T1ACC 196:373 JLINK_IsHalted()  returns TRUE (0000ms, 0751ms total)
T1ACC 196:373 JLINK_GetMOEs(...) -- CPU_ReadMem(4 bytes @ 0xE000ED30)  returns 0x01 (0001ms, 0752ms total)
T1ACC 196:374 JLINK_ReadReg(R15 (PC))  returns 0x000015AC (0000ms, 0752ms total)
T085C 196:410 JLINK_BeginDownload(Flags = 0x00) (0000ms, 0752ms total)
T085C 196:410 JLINK_WriteMem(0x00000000, 0x3DF8 Bytes, ...) - Data: 00 80 00 20 AD 15 00 00 91 15 00 00 A9 15 00 00 ...  returns 0x3DF8 (0001ms, 0753ms total)
T085C 196:411 JLINK_WriteMem(0x00003DF8, 0x0170 Bytes, ...) - Data: 72 B6 10 4A 10 4B 04 32 9A 42 07 D8 BF F3 4F 8F ...  returns 0x170 (0000ms, 0753ms total)
T085C 196:425 JLINK_EndDownload()Old firmware which does not support pausing periodic actions during flash download -- CPU_ReadMem(4 bytes @ 0x41006004) -- -------------------------------------- -- Start of determining dirty areas in flash cache -- End of determining dirty areas -- Start of preparing flash programming -- Calculating RAM usage -- RAM usage = 5184 Bytes -- Preserving CPU registers -- Preparing memory -- Determining CPU clock frequency -- CPU frequency = 1330 kHz -- Preparing target
 -- Downloading RAMCode -- Checking target RAM & preparing RAMCode -- End of preparing flash programmingCPU is running at very low speed (1330 kHz). Readback will be performed instead of CRC calculation. -- CPU is running at 1330 kHz. -- Start of comparing flash -- Read back was estimated as fastest method -- Comparing range 0x0000 - 0x0FFF (16 Sectors, 4 KB), using multi-block CRC calculation -- CRC check is not supported by this flash bank. Switched to read back method.
 -- CPU_ReadMem(256 bytes @ 0x00000000) -- CPU_ReadMem(256 bytes @ 0x00000100) -- CPU_ReadMem(256 bytes @ 0x00000200) -- CPU_ReadMem(256 bytes @ 0x00000300) -- CPU_ReadMem(256 bytes @ 0x00000400) -- CPU_ReadMem(256 bytes @ 0x00000500) -- CPU_ReadMem(256 bytes @ 0x00000600) -- CPU_ReadMem(256 bytes @ 0x00000700) -- CPU_ReadMem(256 bytes @ 0x00000800) -- CPU_ReadMem(256 bytes @ 0x00000900) -- CPU_ReadMem(256 bytes @ 0x00000A00) -- CPU_ReadMem(256 bytes @ 0x00000B00) -- CPU_ReadMem(256 bytes @ 0x00000C00)
 -- CPU_ReadMem(256 bytes @ 0x00000D00) -- CPU_ReadMem(256 bytes @ 0x00000E00) -- CPU_ReadMem(256 bytes @ 0x00000F00) -- CRC does not match for sectors 0-15 -- Comparing range 0x1000 - 0x1FFF (16 Sectors, 4 KB), using multi-block CRC calculation -- CRC check is not supported by this flash bank. Switched to read back method. -- CPU_ReadMem(256 bytes @ 0x00001000) -- CPU_ReadMem(256 bytes @ 0x00001100) -- CPU_ReadMem(256 bytes @ 0x00001200) -- CPU_ReadMem(256 bytes @ 0x00001300)
 -- CPU_ReadMem(256 bytes @ 0x00001400) -- CPU_ReadMem(256 bytes @ 0x00001500) -- CPU_ReadMem(256 bytes @ 0x00001600) -- CPU_ReadMem(256 bytes @ 0x00001700) -- CPU_ReadMem(256 bytes @ 0x00001800) -- CPU_ReadMem(256 bytes @ 0x00001900) -- CPU_ReadMem(256 bytes @ 0x00001A00) -- CPU_ReadMem(256 bytes @ 0x00001B00) -- CPU_ReadMem(256 bytes @ 0x00001C00) -- CPU_ReadMem(256 bytes @ 0x00001D00) -- CPU_ReadMem(256 bytes @ 0x00001E00) -- CPU_ReadMem(256 bytes @ 0x00001F00) -- CRC does not match for sectors 0-15
 -- Comparing range 0x2000 - 0x2FFF (16 Sectors, 4 KB), using multi-block CRC calculation -- CRC check is not supported by this flash bank. Switched to read back method. -- CPU_ReadMem(256 bytes @ 0x00002000) -- CPU_ReadMem(256 bytes @ 0x00002100) -- CPU_ReadMem(256 bytes @ 0x00002200) -- CPU_ReadMem(256 bytes @ 0x00002300) -- CPU_ReadMem(256 bytes @ 0x00002400) -- CPU_ReadMem(256 bytes @ 0x00002500) -- CPU_ReadMem(256 bytes @ 0x00002600) -- CPU_ReadMem(256 bytes @ 0x00002700)
 -- CPU_ReadMem(256 bytes @ 0x00002800) -- CPU_ReadMem(256 bytes @ 0x00002900) -- CPU_ReadMem(256 bytes @ 0x00002A00) -- CPU_ReadMem(256 bytes @ 0x00002B00) -- CPU_ReadMem(256 bytes @ 0x00002C00) -- CPU_ReadMem(256 bytes @ 0x00002D00) -- CPU_ReadMem(256 bytes @ 0x00002E00) -- CPU_ReadMem(256 bytes @ 0x00002F00) -- CRC does not match for sectors 0-15 -- Comparing range 0x3000 - 0x3FFF (16 Sectors, 4 KB), using multi-block CRC calculation
 -- CRC check is not supported by this flash bank. Switched to read back method. -- CPU_ReadMem(256 bytes @ 0x00003000) -- CPU_ReadMem(256 bytes @ 0x00003100) -- CPU_ReadMem(256 bytes @ 0x00003200) -- CPU_ReadMem(256 bytes @ 0x00003300) -- CPU_ReadMem(256 bytes @ 0x00003400) -- CPU_ReadMem(256 bytes @ 0x00003500) -- CPU_ReadMem(256 bytes @ 0x00003600) -- CPU_ReadMem(256 bytes @ 0x00003700) -- CPU_ReadMem(256 bytes @ 0x00003800) -- CPU_ReadMem(256 bytes @ 0x00003900) -- CPU_ReadMem(256 bytes @ 0x00003A00)
 -- CPU_ReadMem(256 bytes @ 0x00003B00) -- CPU_ReadMem(256 bytes @ 0x00003C00) -- CPU_ReadMem(256 bytes @ 0x00003D00) -- CPU_ReadMem(256 bytes @ 0x00003E00) -- CPU_ReadMem(256 bytes @ 0x00003F00) -- CRC does not match for sectors 0-15 -- End of comparing flash -- Start of erasing sectors -- End of erasing sectors -- Start of flash programming -- Programming range 0x00000000 - 0x000003FF (004 Sectors, 1024 Bytes) -- Programming range 0x00000400 - 0x000007FF (004 Sectors, 1024 Bytes)
 -- Programming range 0x00000800 - 0x00000BFF (004 Sectors, 1024 Bytes) -- Programming range 0x00000C00 - 0x00000FFF (004 Sectors, 1024 Bytes) -- Programming range 0x00001000 - 0x000013FF (004 Sectors, 1024 Bytes) -- Programming range 0x00001400 - 0x000017FF (004 Sectors, 1024 Bytes) -- Programming range 0x00001800 - 0x00001BFF (004 Sectors, 1024 Bytes) -- Programming range 0x00001C00 - 0x00001FFF (004 Sectors, 1024 Bytes) -- Programming range 0x00002000 - 0x000023FF (004 Sectors, 1024 Bytes)
 -- Programming range 0x00002400 - 0x000027FF (004 Sectors, 1024 Bytes) -- Programming range 0x00002800 - 0x00002BFF (004 Sectors, 1024 Bytes) -- Programming range 0x00002C00 - 0x00002FFF (004 Sectors, 1024 Bytes) -- Programming range 0x00003000 - 0x000033FF (004 Sectors, 1024 Bytes) -- Programming range 0x00003400 - 0x000037FF (004 Sectors, 1024 Bytes) -- Programming range 0x00003800 - 0x00003BFF (004 Sectors, 1024 Bytes) -- Programming range 0x00003C00 - 0x00003FFF (004 Sectors, 1024 Bytes)
 -- End of flash programming -- 0x0000 - 0x3FFF (064 Sectors, 16 KB) -- Start of verifying flash -- Checksum calculation was estimated as fastest method -- Checksum is not supported by this flash bank. Switched to read back method. -- End of verifying flash -- Start of restoring -- Restoring RAMCode -- Restore target -- Restore memory -- Restoring CPU registers -- End of restoring -- Flash programming performed for 1 range (16384 bytes)
 -- Total time needed: 1.110s (Prepare: 0.108s, Compare: 0.181s, Erase: 0.000s, Program: 0.508s, Verify: 0.305s, Restore: 0.007s)  returns 0x4000 (1114ms, 1867ms total)
T1ACC 197:539 JLINK_IsHalted()  returns TRUE (0000ms, 1867ms total)
T1ACC 197:740 JLINK_IsHalted()  returns TRUE (0000ms, 1867ms total)
T1ACC 197:943 JLINK_IsHalted()  returns TRUE (0000ms, 1867ms total)
T1ACC 198:146 JLINK_IsHalted()  returns TRUE (0000ms, 1867ms total)
T0B3C 198:200 JLINK_Halt()  returns 0x00 (0000ms, 1867ms total)
T0B3C 198:200 JLINK_ReadReg(R15 (PC))  returns 0x000015AC (0000ms, 1867ms total)
T0B3C 198:200 JLINK_ReadReg(R13 (SP))  returns 0x20008000 (0000ms, 1867ms total)
T0B3C 198:207 JLINK_ReadMemHW(0x000015AC, 0x0004 Bytes, ...) -- CPU_ReadMem(4 bytes @ 0x000015AC) - Data: 70 B5 1E 49  returns 0x00 (0001ms, 1868ms total)
T0B3C 198:209 JLINK_ReadReg(R0)  returns 0x20000AAC (0000ms, 1868ms total)
T0B3C 198:209 JLINK_ReadReg(R1)  returns 0x00000002 (0000ms, 1868ms total)
T0B3C 198:209 JLINK_ReadReg(R2)  returns 0x42001400 (0000ms, 1868ms total)
T0B3C 198:209 JLINK_ReadReg(R3)  returns 0x42001400 (0000ms, 1868ms total)
T0B3C 198:209 JLINK_ReadReg(R4)  returns 0x20000AAC (0000ms, 1868ms total)
T0B3C 198:209 JLINK_ReadReg(R5)  returns 0x4001000C (0000ms, 1868ms total)
T0B3C 198:209 JLINK_ReadReg(R6)  returns 0x00000007 (0000ms, 1868ms total)
T0B3C 198:209 JLINK_ReadReg(R7)  returns 0x00000007 (0000ms, 1868ms total)
T0B3C 198:209 JLINK_ReadReg(R8)  returns 0x7FFFAFFF (0000ms, 1868ms total)
T0B3C 198:209 JLINK_ReadReg(R9)  returns 0xF7FFF7BB (0000ms, 1868ms total)
T0B3C 198:209 JLINK_ReadReg(R10)  returns 0xFFFFFFFD (0000ms, 1868ms total)
T0B3C 198:209 JLINK_ReadReg(R11)  returns 0xFD5FFFFF (0000ms, 1868ms total)
T0B3C 198:209 JLINK_ReadReg(R12)  returns 0x00000003 (0000ms, 1868ms total)
T0B3C 198:209 JLINK_ReadReg(R13 (SP))  returns 0x20008000 (0000ms, 1868ms total)
T0B3C 198:209 JLINK_ReadReg(R14)  returns 0x00001ED3 (0000ms, 1868ms total)
T0B3C 198:209 JLINK_ReadReg(R15 (PC))  returns 0x000015AC (0000ms, 1868ms total)
T0B3C 198:209 JLINK_ReadReg(XPSR)  returns 0x01000000 (0000ms, 1868ms total)
T0B3C 198:209 JLINK_ReadReg(MSP)  returns 0x20008000 (0000ms, 1868ms total)
T0B3C 198:209 JLINK_ReadReg(PSP)  returns 0x6B67889C (0000ms, 1868ms total)
T0B3C 198:209 JLINK_ReadReg(PRIMASK)  returns 0x00000000 (0000ms, 1868ms total)
T0B3C 198:209 JLINK_ReadReg(BASEPRI)  returns 0x00000000 (0000ms, 1868ms total)
T0B3C 198:209 JLINK_ReadReg(FAULTMASK)  returns 0x00000000 (0000ms, 1868ms total)
T0B3C 198:209 JLINK_ReadReg(CONTROL)  returns 0x00000000 (0000ms, 1868ms total)
T0B3C 198:209 JLINK_ReadMemHW(0x000015AC, 0x0002 Bytes, ...) -- CPU_ReadMem(2 bytes @ 0x000015AC) - Data: 70 B5  returns 0x00 (0001ms, 1869ms total)
T0B3C 198:239 JLINK_ReadReg(R0)  returns 0x20000AAC (0000ms, 1869ms total)
T0B3C 198:239 JLINK_ReadReg(R1)  returns 0x00000002 (0000ms, 1869ms total)
T0B3C 198:239 JLINK_ReadReg(R2)  returns 0x42001400 (0000ms, 1869ms total)
T0B3C 198:239 JLINK_ReadReg(R3)  returns 0x42001400 (0000ms, 1869ms total)
T0B3C 198:239 JLINK_ReadReg(R4)  returns 0x20000AAC (0000ms, 1869ms total)
T0B3C 198:239 JLINK_ReadReg(R5)  returns 0x4001000C (0000ms, 1869ms total)
T0B3C 198:239 JLINK_ReadReg(R6)  returns 0x00000007 (0000ms, 1869ms total)
T0B3C 198:239 JLINK_ReadReg(R7)  returns 0x00000007 (0000ms, 1869ms total)
T0B3C 198:239 JLINK_ReadReg(R8)  returns 0x7FFFAFFF (0000ms, 1869ms total)
T0B3C 198:239 JLINK_ReadReg(R9)  returns 0xF7FFF7BB (0000ms, 1869ms total)
T0B3C 198:239 JLINK_ReadReg(R10)  returns 0xFFFFFFFD (0000ms, 1869ms total)
T0B3C 198:240 JLINK_ReadReg(R11)  returns 0xFD5FFFFF (0000ms, 1870ms total)
T0B3C 198:240 JLINK_ReadReg(R12)  returns 0x00000003 (0000ms, 1870ms total)
T0B3C 198:240 JLINK_ReadReg(R13 (SP))  returns 0x20008000 (0000ms, 1870ms total)
T0B3C 198:240 JLINK_ReadReg(R14)  returns 0x00001ED3 (0000ms, 1870ms total)
T0B3C 198:240 JLINK_ReadReg(R15 (PC))  returns 0x000015AC (0000ms, 1870ms total)
T0B3C 198:240 JLINK_ReadReg(XPSR)  returns 0x01000000 (0000ms, 1870ms total)
T0B3C 198:240 JLINK_ReadReg(MSP)  returns 0x20008000 (0000ms, 1870ms total)
T0B3C 198:240 JLINK_ReadReg(PSP)  returns 0x6B67889C (0000ms, 1870ms total)
T0B3C 198:240 JLINK_ReadReg(PRIMASK)  returns 0x00000000 (0000ms, 1870ms total)
T0B3C 198:240 JLINK_ReadReg(BASEPRI)  returns 0x00000000 (0000ms, 1870ms total)
T0B3C 198:240 JLINK_ReadReg(FAULTMASK)  returns 0x00000000 (0000ms, 1870ms total)
T0B3C 198:240 JLINK_ReadReg(CONTROL)  returns 0x00000000 (0000ms, 1870ms total)
T0B3C 198:242 JLINK_ReadMemHW(0x000015AC, 0x0004 Bytes, ...) -- CPU_ReadMem(4 bytes @ 0x000015AC) - Data: 70 B5 1E 49  returns 0x00 (0001ms, 1871ms total)
T0B3C 198:299 JLINK_ReadMemHW(0x000018DC, 0x0002 Bytes, ...) -- CPU_ReadMem(2 bytes @ 0x000018DC) - Data: 3E 4B  returns 0x00 (0002ms, 1873ms total)
T0B3C 198:301 JLINK_ReadMemHW(0x000019D8, 0x0004 Bytes, ...) -- CPU_ReadMem(4 bytes @ 0x000019D8) - Data: 5C 00 00 20  returns 0x00 (0001ms, 1874ms total)
T0B3C 198:303 JLINK_ReadMemHW(0x000018DC, 0x0002 Bytes, ...) -- CPU_ReadMem(2 bytes @ 0x000018DC) - Data: 3E 4B  returns 0x00 (0000ms, 1874ms total)
T085C 198:337 JLINK_GetNumBPUnits(Type = 0xFFFFFF02)  returns 0x04 (0000ms, 1874ms total)
T085C 198:337 JLINK_SetBPEx(Addr = 0x000018DC, Type = 0xFFFFFFF2)  returns 0x00000001 (0000ms, 1874ms total)
T085C 198:337 JLINK_GetBPInfo(BPHandle = 1)  returns 0x00 (0000ms, 1874ms total)
T1ACC 198:346 JLINK_IsHalted()  returns TRUE (0000ms, 1874ms total)
T1ACC 198:549 JLINK_IsHalted()  returns TRUE (0000ms, 1874ms total)
T0B3C 198:655 JLINK_ReadMemHW(0x00001D12, 0x0002 Bytes, ...) -- CPU_ReadMem(2 bytes @ 0x00001D12) - Data: FF F7  returns 0x00 (0001ms, 1875ms total)
T0B3C 198:656 JLINK_ReadMemHW(0x00001D32, 0x0002 Bytes, ...) -- CPU_ReadMem(2 bytes @ 0x00001D32) - Data: FE F7  returns 0x00 (0001ms, 1876ms total)
T085C 198:662 JLINK_SetBPEx(Addr = 0x00001D32, Type = 0xFFFFFFF2)  returns 0x00000002 (0000ms, 1876ms total)
T085C 198:662 JLINK_GetBPInfo(BPHandle = 2)  returns 0x00 (0000ms, 1876ms total)
T0B3C 198:721 JLINK_ReadMemHW(0x0000015E, 0x0002 Bytes, ...) -- CPU_ReadMem(2 bytes @ 0x0000015E) - Data: FF F7  returns 0x00 (0001ms, 1877ms total)
T0B3C 198:723 JLINK_ReadMemHW(0x00000162, 0x0002 Bytes, ...) -- CPU_ReadMem(2 bytes @ 0x00000162) - Data: FF F7  returns 0x00 (0001ms, 1878ms total)
T085C 198:730 JLINK_SetBPEx(Addr = 0x00000162, Type = 0xFFFFFFF2)  returns 0x00000003 (0000ms, 1878ms total)
T085C 198:730 JLINK_GetBPInfo(BPHandle = 3)  returns 0x00 (0000ms, 1878ms total)
T1ACC 198:749 JLINK_IsHalted()  returns TRUE (0001ms, 1879ms total)
T1ACC 198:951 JLINK_IsHalted()  returns TRUE (0000ms, 1878ms total)
T0B3C 199:023 JLINK_ReadMemHW(0x0000015E, 0x0002 Bytes, ...) -- CPU_ReadMem(2 bytes @ 0x0000015E) - Data: FF F7  returns 0x00 (0000ms, 1878ms total)
T0B3C 199:024 JLINK_ReadMemHW(0x0000015E, 0x0002 Bytes, ...) -- CPU_ReadMem(2 bytes @ 0x0000015E) - Data: FF F7  returns 0x00 (0000ms, 1878ms total)
T085C 199:030 JLINK_SetBPEx(Addr = 0x0000015E, Type = 0xF2)  returns 0x00000004 (0000ms, 1878ms total)
T085C 199:030 JLINK_GetBPInfo(BPHandle = 4)  returns 0x80000000 (0000ms, 1878ms total)
T0B3C 199:050 JLINK_ReadMemHW(0x000001A6, 0x0002 Bytes, ...) -- CPU_ReadMem(2 bytes @ 0x000001A6) - Data: FF F7  returns 0x00 (0001ms, 1879ms total)
T0B3C 199:051 JLINK_ReadMemHW(0x000001DA, 0x0002 Bytes, ...) -- CPU_ReadMem(2 bytes @ 0x000001DA) - Data: 0E 4B  returns 0x00 (0001ms, 1880ms total)
T085C 199:057 JLINK_SetBPEx(Addr = 0x000001DA, Type = 0xF2)  returns 0x00000005 (0001ms, 1881ms total)
T085C 199:058 JLINK_GetBPInfo(BPHandle = 5)  returns 0x80000000 (0000ms, 1881ms total)
T0B3C 199:068 JLINK_Reset() -- CPU_ReadMem(4 bytes @ 0x41006004) -- Start of preparing flash programming -- Calculating RAM usage -- RAM usage = 5184 Bytes -- Preserving CPU registers -- Preparing memory -- Determining CPU clock frequency -- CPU frequency = 1330 kHz -- Preparing target -- Preserving target RAM temporarily used for programming -- Downloading RAMCode -- Not first flash download, checking target RAM skipped -- Preparing RAMCode -- End of preparing flash programming
 -- Read from flash cache (256 bytes @ 0x00000100) -- Programming range 0x00000100 - 0x000001FF (001 Sector, 256 Bytes) -- Start of restoring -- Restoring RAMCode -- Restoring target memory -- Restore target -- Restore memory -- Restoring CPU registers -- End of restoring -- CPU_ReadMem(4 bytes @ 0x20000000) -- CPU_WriteMem(4 bytes @ 0x20000000) -- CPU_ReadMem(4 bytes @ 0xE000EDFC) -- CPU_WriteMem(4 bytes @ 0xE000EDFC) -- CPU_WriteMem(4 bytes @ 0xE000ED0C) -- CPU is running
 -- CPU_ReadMem(4 bytes @ 0xE000EDF0) -- CPU is running -- CPU_ReadMem(4 bytes @ 0x41002100) -- CPU is running -- CPU_WriteMem(4 bytes @ 0x41002100) -- CPU is running -- CPU_ReadMem(4 bytes @ 0x41002100) -- CPU is running -- CPU_WriteMem(4 bytes @ 0xE000EDFC) -- CPU_WriteMem(4 bytes @ 0xE0002000) -- CPU_ReadMem(4 bytes @ 0xE000EDFC) -- CPU_ReadMem(4 bytes @ 0xE0001000) -- CPU_WriteMem(4 bytes @ 0xE0001000) (0191ms, 2072ms total)
T1ACC 199:260 JLINK_IsHalted()  returns TRUE (0000ms, 2072ms total)
T1ACC 199:260 JLINK_GetMOEs(...) -- CPU_ReadMem(4 bytes @ 0xE000ED30)  returns 0x01 (0001ms, 2073ms total)
T1ACC 199:261 JLINK_ReadReg(R15 (PC))  returns 0x000015AC (0000ms, 2073ms total)
T0B3C 199:270 JLINK_ReadReg(R15 (PC))  returns 0x000015AC (0000ms, 2073ms total)
T0B3C 199:270 JLINK_ReadReg(R13 (SP))  returns 0x20008000 (0000ms, 2073ms total)
T0B3C 199:270 JLINK_ReadMemHW(0x000015AC, 0x0004 Bytes, ...) -- CPU_ReadMem(4 bytes @ 0x000015AC) - Data: 70 B5 1E 49  returns 0x00 (0001ms, 2074ms total)
T0B3C 199:331 JLINK_ReadMemHW(0x00001D10, 0x0001 Bytes, ...) -- CPU_ReadMem(1 bytes @ 0x00001D10) - Data: 10  returns 0x00 (0001ms, 2075ms total)
T0B3C 199:395 JLINK_ReadReg(R15 (PC))  returns 0x000015AC (0000ms, 2075ms total)
T0B3C 199:397 JLINK_SetBPEx(Addr = 0x00001D10, Type = 0xF2)  returns 0x00000006 (0000ms, 2075ms total)
T0B3C 199:397 JLINK_GetBPInfo(BPHandle = 6)  returns 0x80000000 (0000ms, 2075ms total)
T0B3C 199:397 JLINK_Go() -- Read from flash cache (2 bytes @ 0x000015AC) -- CPU_ReadMem(4 bytes @ 0xE000ED18) -- CPU_WriteMem(4 bytes @ 0xE000ED18) -- CPU_ReadMem(4 bytes @ 0xE000ED18) -- CPU_WriteMem(4 bytes @ 0xE000ED18) -- CPU_WriteMem(16 bytes @ 0x20007FF0) -- Simulated -- Read from flash cache (2 bytes @ 0x000015AE) -- Read from flash cache (4 bytes @ 0x00001628) -- Simulated -- Read from flash cache (2 bytes @ 0x000015B0) -- Read from flash cache (4 bytes @ 0x0000162C) -- Simulated
 -- Read from flash cache (2 bytes @ 0x000015B2) -- Simulated -- Read from flash cache (2 bytes @ 0x000015B4) -- Simulated -- Read from flash cache (2 bytes @ 0x000015FC) -- Read from flash cache (4 bytes @ 0x0000163C) -- Simulated -- Read from flash cache (2 bytes @ 0x000015FE) -- Simulated -- Read from flash cache (2 bytes @ 0x00001600) -- Simulated -- Read from flash cache (2 bytes @ 0x00001602) -- Simulated -- Read from flash cache (2 bytes @ 0x00001604) -- Simulated
 -- CPU_ReadMem(4 bytes @ 0x41006004) -- Start of preparing flash programming -- Calculating RAM usage -- RAM usage = 5184 Bytes -- Preserving CPU registers -- Preparing memory -- Determining CPU clock frequency -- CPU frequency = 1330 kHz -- Preparing target -- Preserving target RAM temporarily used for programming -- Downloading RAMCode -- Not first flash download, checking target RAM skipped -- Preparing RAMCode -- End of preparing flash programming -- Read from flash cache (256 bytes @ 0x00001D00)
 -- Programming range 0x00001D00 - 0x00001DFF (001 Sector, 256 Bytes) -- Start of restoring -- Restoring RAMCode -- Restoring target memory -- Restore target -- Restore memory -- Restoring CPU registers -- End of restoring -- CPU_WriteMem(4 bytes @ 0xE0002000) -- CPU_WriteMem(4 bytes @ 0xE0002000) -- CPU_WriteMem(4 bytes @ 0xE0002000) -- CPU_ReadMem(4 bytes @ 0xE0001000) -- CPU_WriteMem(4 bytes @ 0xE0001000) -- CPU_WriteMem(4 bytes @ 0xE0002008) -- CPU_WriteMem(4 bytes @ 0xE000200C)
 -- CPU_WriteMem(4 bytes @ 0xE0002010) (0192ms, 2267ms total)
T1ACC 199:589 JLINK_IsHalted() -- CPU is running -- CPU_ReadMem(4 bytes @ 0x41002100)  returns FALSE (0002ms, 2269ms total)
T1ACC 199:611 JLINK_IsHalted()  returns TRUE (0002ms, 2271ms total)
T1ACC 199:613 JLINK_GetMOEs(...) -- CPU_ReadMem(4 bytes @ 0xE000ED30)  returns 0x01 (0001ms, 2270ms total)
T1ACC 199:614 JLINK_ReadReg(R15 (PC))  returns 0x00001D10 (0000ms, 2270ms total)
T0B3C 199:620 JLINK_ReadReg(R15 (PC))  returns 0x00001D10 (0000ms, 2270ms total)
T0B3C 199:620 JLINK_ReadReg(R13 (SP))  returns 0x20007FF0 (0000ms, 2270ms total)
T0B3C 199:620 JLINK_ReadMemHW(0x00001D10, 0x0004 Bytes, ...) -- CPU_ReadMem(4 bytes @ 0x00001D10) - Data: 00 BE FF F7  returns 0x00 (0001ms, 2271ms total)
T1ACC 199:816 JLINK_IsHalted()  returns TRUE (0000ms, 2271ms total)
T1ACC 200:017 JLINK_IsHalted()  returns TRUE (0000ms, 2271ms total)
T085C 200:094 JLINK_ReadMemHW(0x00000000, 0x0A20 Bytes, ...) -- CPU_ReadMem(2592 bytes @ 0x00000000) - Data: 00 80 00 20 AD 15 00 00 91 15 00 00 A9 15 00 00 ...  returns 0x00 (0019ms, 2290ms total)
T1ACC 200:218 JLINK_IsHalted()  returns TRUE (0000ms, 2290ms total)
T1ACC 200:418 JLINK_IsHalted()  returns TRUE (0000ms, 2290ms total)
T1ACC 200:621 JLINK_IsHalted()  returns TRUE (0000ms, 2290ms total)
T1ACC 200:822 JLINK_IsHalted()  returns TRUE (0001ms, 2291ms total)
T1ACC 201:025 JLINK_IsHalted()  returns TRUE (0000ms, 2290ms total)
T1ACC 201:226 JLINK_IsHalted()  returns TRUE (0000ms, 2290ms total)
T1ACC 201:426 JLINK_IsHalted()  returns TRUE (0001ms, 2291ms total)
T1ACC 201:627 JLINK_IsHalted()  returns TRUE (0000ms, 2291ms total)
T1ACC 201:829 JLINK_IsHalted()  returns TRUE (0000ms, 2291ms total)
T1ACC 202:030 JLINK_IsHalted()  returns TRUE (0001ms, 2292ms total)
T1ACC 202:235 JLINK_IsHalted()  returns TRUE (0000ms, 2292ms total)
T1ACC 202:437 JLINK_IsHalted()  returns TRUE (0000ms, 2292ms total)
T1ACC 202:639 JLINK_IsHalted()  returns TRUE (0001ms, 2293ms total)
T1ACC 202:840 JLINK_IsHalted()  returns TRUE (0000ms, 2292ms total)
T1ACC 203:044 JLINK_IsHalted()  returns TRUE (0000ms, 2292ms total)
T1ACC 203:244 JLINK_IsHalted()  returns TRUE (0001ms, 2293ms total)
T1ACC 203:446 JLINK_IsHalted()  returns TRUE (0000ms, 2292ms total)
T1ACC 203:646 JLINK_IsHalted()  returns TRUE (0000ms, 2292ms total)
T1ACC 203:846 JLINK_IsHalted()  returns TRUE (0001ms, 2293ms total)
T1ACC 204:052 JLINK_IsHalted()  returns TRUE (0000ms, 2292ms total)
T1ACC 204:253 JLINK_IsHalted()  returns TRUE (0000ms, 2292ms total)
T1ACC 204:453 JLINK_IsHalted()  returns TRUE (0001ms, 2293ms total)
T1ACC 204:656 JLINK_IsHalted()  returns TRUE (0000ms, 2292ms total)
T1ACC 204:857 JLINK_IsHalted()  returns TRUE (0000ms, 2292ms total)
T1ACC 205:060 JLINK_IsHalted()  returns TRUE (0001ms, 2293ms total)
T1ACC 205:262 JLINK_IsHalted()  returns TRUE (0000ms, 2292ms total)
T1ACC 205:462 JLINK_IsHalted()  returns TRUE (0000ms, 2292ms total)
T1ACC 205:663 JLINK_IsHalted()  returns TRUE (0001ms, 2293ms total)
T1ACC 205:866 JLINK_IsHalted()  returns TRUE (0000ms, 2292ms total)
T1ACC 206:066 JLINK_IsHalted()  returns TRUE (0000ms, 2292ms total)
T1ACC 206:269 JLINK_IsHalted()  returns TRUE (0000ms, 2292ms total)
T1ACC 206:477 JLINK_IsHalted()  returns TRUE (0000ms, 2292ms total)
T1ACC 206:679 JLINK_IsHalted()  returns TRUE (0000ms, 2292ms total)
T1ACC 206:880 JLINK_IsHalted()  returns TRUE (0001ms, 2293ms total)
T1ACC 207:081 JLINK_IsHalted()  returns TRUE (0000ms, 2292ms total)
T1ACC 207:283 JLINK_IsHalted()  returns TRUE (0000ms, 2292ms total)
T1ACC 207:489 JLINK_IsHalted()  returns TRUE (0001ms, 2293ms total)
T1ACC 207:690 JLINK_IsHalted()  returns TRUE (0000ms, 2292ms total)
T0B3C 207:766 JLINK_WriteU32(0xE000EDFC, 0x01000000) -- CPU_WriteMem(4 bytes @ 0xE000EDFC)  returns 0x00 (0001ms, 2293ms total)
T0B3C 207:767 JLINK_ReadMem (0xE0001000, 0x0004 Bytes, ...) -- CPU_ReadMem(4 bytes @ 0xE0001000) - Data: 00 00 00 20  returns 0x00 (0001ms, 2294ms total)
T0B3C 207:768 JLINK_WriteU32(0xE0001000, 0x20000001)  returns 0x00 (0000ms, 2294ms total)
T0B3C 207:768 JLINK_WriteU32(0xE0001028, 0x00000100)  returns 0x00 (0001ms, 2295ms total)
T0B3C 207:769 JLINK_ReadMem (0xE0001028, 0x0004 Bytes, ...) -- CPU_WriteMem(4 bytes @ 0xE0001028) -- CPU_ReadMem(4 bytes @ 0xE0001028) - Data: 00 00 00 00  returns 0x00 (0001ms, 2296ms total)
T0B3C 207:770 JLINK_WriteU32(0xE0001024, 0x0000001F)  returns 0x00 (0000ms, 2296ms total)
T0B3C 207:770 JLINK_ReadMem (0xE0001024, 0x0004 Bytes, ...) -- CPU_WriteMem(4 bytes @ 0xE0001024) -- CPU_ReadMem(4 bytes @ 0xE0001024) - Data: 1F 00 00 00  returns 0x00 (0002ms, 2298ms total)
T0B3C 207:774 JLINK_WriteU32(0xE0001038, 0x00000100)  returns 0x00 (0000ms, 2298ms total)
T0B3C 207:774 JLINK_ReadMem (0xE0001038, 0x0004 Bytes, ...) -- CPU_WriteMem(4 bytes @ 0xE0001038) -- CPU_ReadMem(4 bytes @ 0xE0001038) - Data: 00 00 00 00  returns 0x00 (0002ms, 2300ms total)
T0B3C 207:776 JLINK_WriteU32(0xE0001034, 0x0000001F)  returns 0x00 (0000ms, 2300ms total)
T0B3C 207:776 JLINK_ReadMem (0xE0001034, 0x0004 Bytes, ...) -- CPU_WriteMem(4 bytes @ 0xE0001034) -- CPU_ReadMem(4 bytes @ 0xE0001034) - Data: 1F 00 00 00  returns 0x00 (0002ms, 2302ms total)
T0B3C 207:780 JLINK_WriteU32(0xE0001020, 0x00000000)  returns 0x00 (0000ms, 2302ms total)
T0B3C 207:780 JLINK_WriteU32(0xE0001024, 0x00000000)  returns 0x00 (0000ms, 2302ms total)
T0B3C 207:780 JLINK_WriteU32(0xE0001028, 0x00000000)  returns 0x00 (0000ms, 2302ms total)
T0B3C 207:780 JLINK_WriteU32(0xE0001030, 0x00000000)  returns 0x00 (0000ms, 2302ms total)
T0B3C 207:780 JLINK_WriteU32(0xE0001034, 0x00000000)  returns 0x00 (0000ms, 2302ms total)
T0B3C 207:780 JLINK_WriteU32(0xE0001038, 0x00000000)  returns 0x00 (0000ms, 2302ms total)
T0B3C 207:780 JLINK_GetBPInfo(BPHandle = 6)  returns 0x80000000 (0000ms, 2302ms total)
T0B3C 207:780 JLINK_ClrBPEx(BPHandle = 0x00000006)  returns 0x00 (0000ms, 2302ms total)
T0B3C 207:780 JLINK_ReadReg(R15 (PC))  returns 0x00001D10 (0000ms, 2302ms total)
T0B3C 207:780 JLINK_Go() -- Merging zombie BP[5]: 0xB510 @ 0x00001D10 -- Merging zombie BP[5]: 0xB510 @ 0x00001D10 -- CPU_ReadMem(4 bytes @ 0xE0001004) -- CPU_WriteMem(8 bytes @ 0x20007FE8) -- Simulated -- Read from flash cache (2 bytes @ 0x00001D12) -- Read from flash cache (2 bytes @ 0x00001D14) -- Simulated (0002ms, 2304ms total)
T1ACC 207:782 JLINK_IsHalted()  returns TRUE (0000ms, 2304ms total)
T1ACC 207:782 JLINK_GetMOEs(...)  returns 0x01 (0000ms, 2304ms total)
T1ACC 207:782 JLINK_ReadReg(R15 (PC))  returns 0x000018DC (0000ms, 2304ms total)
T0B3C 207:792 JLINK_ReadReg(R15 (PC))  returns 0x000018DC (0000ms, 2304ms total)
T0B3C 207:792 JLINK_ReadReg(R13 (SP))  returns 0x20007FE8 (0000ms, 2304ms total)
T0B3C 207:792 JLINK_ReadMemHW(0x000018DC, 0x0004 Bytes, ...) -- CPU_ReadMem(4 bytes @ 0x000018DC) - Data: 3E 4B FA 21  returns 0x00 (0001ms, 2305ms total)
T0B3C 207:832 JLINK_ReadReg(R0)  returns 0x00000028 (0000ms, 2305ms total)
T0B3C 207:832 JLINK_ReadReg(R1)  returns 0x00000008 (0000ms, 2305ms total)
T0B3C 207:832 JLINK_ReadReg(R2)  returns 0x41004000 (0000ms, 2305ms total)
T0B3C 207:832 JLINK_ReadReg(R3)  returns 0x41004800 (0000ms, 2305ms total)
T0B3C 207:832 JLINK_ReadReg(R4)  returns 0x0000000C (0000ms, 2305ms total)
T0B3C 207:832 JLINK_ReadReg(R5)  returns 0x00000021 (0000ms, 2305ms total)
T0B3C 207:832 JLINK_ReadReg(R6)  returns 0x00000020 (0000ms, 2305ms total)
T0B3C 207:832 JLINK_ReadReg(R7)  returns 0x20000165 (0001ms, 2306ms total)
T0B3C 207:833 JLINK_ReadReg(R8)  returns 0x7FFFAFFF (0000ms, 2306ms total)
T0B3C 207:833 JLINK_ReadReg(R9)  returns 0xF7FFF7BB (0000ms, 2306ms total)
T0B3C 207:833 JLINK_ReadReg(R10)  returns 0xFFFFFFFD (0000ms, 2306ms total)
T0B3C 207:833 JLINK_ReadReg(R11)  returns 0xFD5FFFFF (0000ms, 2306ms total)
T0B3C 207:833 JLINK_ReadReg(R12)  returns 0x00000003 (0000ms, 2306ms total)
T0B3C 207:833 JLINK_ReadReg(R13 (SP))  returns 0x20007FE8 (0000ms, 2306ms total)
T0B3C 207:833 JLINK_ReadReg(R14)  returns 0x00001D17 (0000ms, 2306ms total)
T0B3C 207:833 JLINK_ReadReg(R15 (PC))  returns 0x000018DC (0000ms, 2306ms total)
T0B3C 207:833 JLINK_ReadReg(XPSR)  returns 0x21000000 (0000ms, 2306ms total)
T0B3C 207:833 JLINK_ReadReg(MSP)  returns 0x20007FE8 (0000ms, 2306ms total)
T0B3C 207:833 JLINK_ReadReg(PSP)  returns 0x6B67889C (0000ms, 2306ms total)
T0B3C 207:833 JLINK_ReadReg(PRIMASK)  returns 0x00000000 (0000ms, 2306ms total)
T0B3C 207:833 JLINK_ReadReg(BASEPRI)  returns 0x00000000 (0000ms, 2306ms total)
T0B3C 207:833 JLINK_ReadReg(FAULTMASK)  returns 0x00000000 (0000ms, 2306ms total)
T0B3C 207:833 JLINK_ReadReg(CONTROL)  returns 0x00000000 (0000ms, 2306ms total)
T0B3C 207:833 JLINK_ReadMemHW(0x00001D16, 0x0004 Bytes, ...) -- CPU_ReadMem(4 bytes @ 0x00001D16) - Data: 01 F0 71 FB  returns 0x00 (0002ms, 2308ms total)
T085C 207:968 JLINK_ReadMemHW(0x00000000, 0x0A20 Bytes, ...) -- CPU_ReadMem(2592 bytes @ 0x00000000) - Data: 00 80 00 20 AD 15 00 00 91 15 00 00 A9 15 00 00 ...  returns 0x00 (0019ms, 2327ms total)
T1ACC 207:987 JLINK_IsHalted()  returns TRUE (0000ms, 2327ms total)
T1ACC 208:187 JLINK_IsHalted()  returns TRUE (0000ms, 2327ms total)
T1ACC 208:387 JLINK_IsHalted()  returns TRUE (0000ms, 2327ms total)
T1ACC 208:590 JLINK_IsHalted()  returns TRUE (0000ms, 2327ms total)
T1ACC 208:791 JLINK_IsHalted()  returns TRUE (0001ms, 2328ms total)
T1ACC 208:995 JLINK_IsHalted()  returns TRUE (0000ms, 2327ms total)
T1ACC 209:196 JLINK_IsHalted()  returns TRUE (0000ms, 2327ms total)
T1ACC 209:398 JLINK_IsHalted()  returns TRUE (0001ms, 2328ms total)
T1ACC 209:600 JLINK_IsHalted()  returns TRUE (0000ms, 2328ms total)
T1ACC 209:801 JLINK_IsHalted()  returns TRUE (0000ms, 2328ms total)
T1ACC 210:001 JLINK_IsHalted()  returns TRUE (0001ms, 2329ms total)
T1ACC 210:203 JLINK_IsHalted()  returns TRUE (0000ms, 2328ms total)
T1ACC 210:404 JLINK_IsHalted()  returns TRUE (0000ms, 2328ms total)
T1ACC 210:606 JLINK_IsHalted()  returns TRUE (0000ms, 2328ms total)
T1ACC 210:808 JLINK_IsHalted()  returns TRUE (0000ms, 2328ms total)
T1ACC 211:011 JLINK_IsHalted()  returns TRUE (0000ms, 2328ms total)
T1ACC 211:211 JLINK_IsHalted()  returns TRUE (0001ms, 2329ms total)
T1ACC 211:413 JLINK_IsHalted()  returns TRUE (0000ms, 2328ms total)
T1ACC 211:613 JLINK_IsHalted()  returns TRUE (0000ms, 2328ms total)
T1ACC 211:815 JLINK_IsHalted()  returns TRUE (0001ms, 2329ms total)
T1ACC 212:016 JLINK_IsHalted()  returns TRUE (0000ms, 2328ms total)
T1ACC 212:216 JLINK_IsHalted()  returns TRUE (0000ms, 2328ms total)
T1ACC 212:417 JLINK_IsHalted()  returns TRUE (0000ms, 2328ms total)
T1ACC 212:621 JLINK_IsHalted()  returns TRUE (0000ms, 2328ms total)
T1ACC 212:821 JLINK_IsHalted()  returns TRUE (0000ms, 2328ms total)
T1ACC 213:024 JLINK_IsHalted()  returns TRUE (0001ms, 2329ms total)
T1ACC 213:227 JLINK_IsHalted()  returns TRUE (0000ms, 2329ms total)
T1ACC 213:428 JLINK_IsHalted()  returns TRUE (0000ms, 2329ms total)
T1ACC 213:628 JLINK_IsHalted()  returns TRUE (0001ms, 2330ms total)
T1ACC 213:831 JLINK_IsHalted()  returns TRUE (0000ms, 2329ms total)
T1ACC 214:032 JLINK_IsHalted()  returns TRUE (0000ms, 2329ms total)
T1ACC 214:233 JLINK_IsHalted()  returns TRUE (0001ms, 2330ms total)
T1ACC 214:436 JLINK_IsHalted()  returns TRUE (0000ms, 2329ms total)
T1ACC 214:637 JLINK_IsHalted()  returns TRUE (0000ms, 2329ms total)
T1ACC 214:837 JLINK_IsHalted()  returns TRUE (0001ms, 2330ms total)
T1ACC 215:039 JLINK_IsHalted()  returns TRUE (0000ms, 2329ms total)
T1ACC 215:240 JLINK_IsHalted()  returns TRUE (0000ms, 2329ms total)
T1ACC 215:440 JLINK_IsHalted()  returns TRUE (0001ms, 2330ms total)
T1ACC 215:642 JLINK_IsHalted()  returns TRUE (0000ms, 2329ms total)
T1ACC 215:845 JLINK_IsHalted()  returns TRUE (0000ms, 2329ms total)
T1ACC 216:050 JLINK_IsHalted()  returns TRUE (0001ms, 2330ms total)
T1ACC 216:252 JLINK_IsHalted()  returns TRUE (0000ms, 2329ms total)
T1ACC 216:452 JLINK_IsHalted()  returns TRUE (0000ms, 2329ms total)
T1ACC 216:652 JLINK_IsHalted()  returns TRUE (0001ms, 2330ms total)
T1ACC 216:855 JLINK_IsHalted()  returns TRUE (0000ms, 2329ms total)
T1ACC 217:056 JLINK_IsHalted()  returns TRUE (0000ms, 2329ms total)
T1ACC 217:257 JLINK_IsHalted()  returns TRUE (0001ms, 2330ms total)
T1ACC 217:462 JLINK_IsHalted()  returns TRUE (0000ms, 2329ms total)
T0B3C 217:463 JLINK_ReadMem (0x2000005C, 0x0004 Bytes, ...) -- CPU_ReadMem(64 bytes @ 0x20000040) -- Updating C cache (64 bytes @ 0x20000040) -- Read from C cache (4 bytes @ 0x2000005C) - Data: 00 6C DC 02  returns 0x00 (0003ms, 2332ms total)
T1ACC 217:662 JLINK_IsHalted()  returns TRUE (0000ms, 2332ms total)
T1ACC 217:862 JLINK_IsHalted()  returns TRUE (0001ms, 2333ms total)
T1ACC 218:063 JLINK_IsHalted()  returns TRUE (0000ms, 2332ms total)
T1ACC 218:263 JLINK_IsHalted()  returns TRUE (0000ms, 2332ms total)
T1ACC 218:465 JLINK_IsHalted()  returns TRUE (0000ms, 2332ms total)
T1ACC 218:666 JLINK_IsHalted()  returns TRUE (0000ms, 2332ms total)
T1ACC 218:867 JLINK_IsHalted()  returns TRUE (0001ms, 2333ms total)
T1ACC 219:068 JLINK_IsHalted()  returns TRUE (0001ms, 2333ms total)
T1ACC 219:273 JLINK_IsHalted()  returns TRUE (0000ms, 2332ms total)
T1ACC 219:476 JLINK_IsHalted()  returns TRUE (0000ms, 2332ms total)
T1ACC 219:679 JLINK_IsHalted()  returns TRUE (0000ms, 2332ms total)
T1ACC 219:879 JLINK_IsHalted()  returns TRUE (0000ms, 2332ms total)
T1ACC 220:085 JLINK_IsHalted()  returns TRUE (0000ms, 2332ms total)
T1ACC 220:287 JLINK_IsHalted()  returns TRUE (0001ms, 2333ms total)
T1ACC 220:488 JLINK_IsHalted()  returns TRUE (0000ms, 2332ms total)
T1ACC 220:692 JLINK_IsHalted()  returns TRUE (0000ms, 2332ms total)
T1ACC 220:896 JLINK_IsHalted()  returns TRUE (0001ms, 2333ms total)
T1ACC 221:100 JLINK_IsHalted()  returns TRUE (0000ms, 2333ms total)
T1ACC 221:303 JLINK_IsHalted()  returns TRUE (0000ms, 2333ms total)
T1ACC 221:503 JLINK_IsHalted()  returns TRUE (0001ms, 2334ms total)
T1ACC 221:705 JLINK_IsHalted()  returns TRUE (0000ms, 2333ms total)
T1ACC 221:907 JLINK_IsHalted()  returns TRUE (0000ms, 2333ms total)
T1ACC 222:109 JLINK_IsHalted()  returns TRUE (0001ms, 2334ms total)
T1ACC 222:311 JLINK_IsHalted()  returns TRUE (0000ms, 2333ms total)
T1ACC 222:512 JLINK_IsHalted()  returns TRUE (0000ms, 2333ms total)
T1ACC 222:714 JLINK_IsHalted()  returns TRUE (0001ms, 2334ms total)
T1ACC 222:917 JLINK_IsHalted()  returns TRUE (0000ms, 2333ms total)
T1ACC 223:117 JLINK_IsHalted()  returns TRUE (0000ms, 2333ms total)
T1ACC 223:319 JLINK_IsHalted()  returns TRUE (0001ms, 2334ms total)
T1ACC 223:520 JLINK_IsHalted()  returns TRUE (0000ms, 2333ms total)
T1ACC 223:720 JLINK_IsHalted()  returns TRUE (0000ms, 2333ms total)
T1ACC 223:922 JLINK_IsHalted()  returns TRUE (0001ms, 2334ms total)
T1ACC 224:125 JLINK_IsHalted()  returns TRUE (0000ms, 2333ms total)
T1ACC 224:325 JLINK_IsHalted()  returns TRUE (0000ms, 2333ms total)
T1ACC 224:528 JLINK_IsHalted()  returns TRUE (0000ms, 2333ms total)
T1ACC 224:729 JLINK_IsHalted()  returns TRUE (0000ms, 2333ms total)
T1ACC 224:931 JLINK_IsHalted()  returns TRUE (0000ms, 2333ms total)
T1ACC 225:132 JLINK_IsHalted()  returns TRUE (0001ms, 2334ms total)
T1ACC 225:335 JLINK_IsHalted()  returns TRUE (0000ms, 2333ms total)
T1ACC 225:535 JLINK_IsHalted()  returns TRUE (0000ms, 2333ms total)
T1ACC 225:735 JLINK_IsHalted()  returns TRUE (0001ms, 2334ms total)
T1ACC 225:937 JLINK_IsHalted()  returns TRUE (0000ms, 2333ms total)
T1ACC 226:138 JLINK_IsHalted()  returns TRUE (0000ms, 2333ms total)
T1ACC 226:343 JLINK_IsHalted()  returns TRUE (0001ms, 2334ms total)
T1ACC 226:546 JLINK_IsHalted()  returns TRUE (0000ms, 2333ms total)
T1ACC 226:747 JLINK_IsHalted()  returns TRUE (0000ms, 2333ms total)
T1ACC 226:948 JLINK_IsHalted()  returns TRUE (0001ms, 2334ms total)
T1ACC 227:150 JLINK_IsHalted()  returns TRUE (0000ms, 2333ms total)
T1ACC 227:350 JLINK_IsHalted()  returns TRUE (0000ms, 2333ms total)
T1ACC 227:550 JLINK_IsHalted()  returns TRUE (0001ms, 2334ms total)
T1ACC 227:751 JLINK_IsHalted()  returns TRUE (0000ms, 2333ms total)
T1ACC 227:951 JLINK_IsHalted()  returns TRUE (0000ms, 2333ms total)
T1ACC 228:151 JLINK_IsHalted()  returns TRUE (0001ms, 2334ms total)
T1ACC 228:353 JLINK_IsHalted()  returns TRUE (0000ms, 2333ms total)
T1ACC 228:553 JLINK_IsHalted()  returns TRUE (0000ms, 2333ms total)
T1ACC 228:753 JLINK_IsHalted()  returns TRUE (0000ms, 2333ms total)
T1ACC 228:955 JLINK_IsHalted()  returns TRUE (0000ms, 2333ms total)
T1ACC 229:157 JLINK_IsHalted()  returns TRUE (0000ms, 2333ms total)
T1ACC 229:358 JLINK_IsHalted()  returns TRUE (0001ms, 2334ms total)
T1ACC 229:561 JLINK_IsHalted()  returns TRUE (0000ms, 2333ms total)
T1ACC 229:761 JLINK_IsHalted()  returns TRUE (0000ms, 2333ms total)
T1ACC 229:962 JLINK_IsHalted()  returns TRUE (0001ms, 2334ms total)
T1ACC 230:163 JLINK_IsHalted()  returns TRUE (0000ms, 2333ms total)
T1ACC 230:367 JLINK_IsHalted()  returns TRUE (0000ms, 2333ms total)
T1ACC 230:568 JLINK_IsHalted()  returns TRUE (0001ms, 2334ms total)
T1ACC 230:773 JLINK_IsHalted()  returns TRUE (0000ms, 2333ms total)
T1ACC 230:974 JLINK_IsHalted()  returns TRUE (0000ms, 2333ms total)
T1ACC 231:175 JLINK_IsHalted()  returns TRUE (0001ms, 2334ms total)
T1ACC 231:377 JLINK_IsHalted()  returns TRUE (0000ms, 2333ms total)
T1ACC 231:579 JLINK_IsHalted()  returns TRUE (0000ms, 2333ms total)
T1ACC 231:779 JLINK_IsHalted()  returns TRUE (0001ms, 2334ms total)
T1ACC 231:982 JLINK_IsHalted()  returns TRUE (0000ms, 2333ms total)
T1ACC 232:182 JLINK_IsHalted()  returns TRUE (0000ms, 2333ms total)
T1ACC 232:382 JLINK_IsHalted()  returns TRUE (0000ms, 2333ms total)
T1ACC 232:583 JLINK_IsHalted()  returns TRUE (0000ms, 2333ms total)
T1ACC 232:786 JLINK_IsHalted()  returns TRUE (0000ms, 2333ms total)
T1ACC 232:987 JLINK_IsHalted()  returns TRUE (0001ms, 2334ms total)
T1ACC 233:188 JLINK_IsHalted()  returns TRUE (0000ms, 2333ms total)
T1ACC 233:389 JLINK_IsHalted()  returns TRUE (0000ms, 2333ms total)
T1ACC 233:591 JLINK_IsHalted()  returns TRUE (0000ms, 2333ms total)
T1ACC 233:796 JLINK_IsHalted()  returns TRUE (0000ms, 2333ms total)
T1ACC 233:999 JLINK_IsHalted()  returns TRUE (0000ms, 2333ms total)
T1ACC 234:202 JLINK_IsHalted()  returns TRUE (0001ms, 2334ms total)
T1ACC 234:403 JLINK_IsHalted()  returns TRUE (0000ms, 2333ms total)
T1ACC 234:605 JLINK_IsHalted()  returns TRUE (0000ms, 2333ms total)
T1ACC 234:810 JLINK_IsHalted()  returns TRUE (0001ms, 2334ms total)
T1ACC 235:013 JLINK_IsHalted()  returns TRUE (0000ms, 2333ms total)
T1ACC 235:213 JLINK_IsHalted()  returns TRUE (0000ms, 2333ms total)
T1ACC 235:414 JLINK_IsHalted()  returns TRUE (0001ms, 2334ms total)
T1ACC 235:615 JLINK_IsHalted()  returns TRUE (0000ms, 2333ms total)
T1ACC 235:815 JLINK_IsHalted()  returns TRUE (0000ms, 2333ms total)
T1ACC 236:018 JLINK_IsHalted()  returns TRUE (0001ms, 2334ms total)
T1ACC 236:220 JLINK_IsHalted()  returns TRUE (0000ms, 2333ms total)
T1ACC 236:420 JLINK_IsHalted()  returns TRUE (0000ms, 2333ms total)
T1ACC 236:622 JLINK_IsHalted()  returns TRUE (0001ms, 2334ms total)
T1ACC 236:823 JLINK_IsHalted()  returns TRUE (0000ms, 2333ms total)
T1ACC 237:023 JLINK_IsHalted()  returns TRUE (0000ms, 2333ms total)
T1ACC 237:227 JLINK_IsHalted()  returns TRUE (0001ms, 2334ms total)
T1ACC 237:428 JLINK_IsHalted()  returns TRUE (0000ms, 2333ms total)
T1ACC 237:629 JLINK_IsHalted()  returns TRUE (0000ms, 2333ms total)
T1ACC 237:833 JLINK_IsHalted()  returns TRUE (0001ms, 2334ms total)
T1ACC 238:034 JLINK_IsHalted()  returns TRUE (0000ms, 2333ms total)
T1ACC 238:235 JLINK_IsHalted()  returns TRUE (0000ms, 2333ms total)
T1ACC 238:435 JLINK_IsHalted()  returns TRUE (0001ms, 2334ms total)
T1ACC 238:636 JLINK_IsHalted()  returns TRUE (0000ms, 2333ms total)
T1ACC 238:836 JLINK_IsHalted()  returns TRUE (0000ms, 2333ms total)
T1ACC 239:037 JLINK_IsHalted()  returns TRUE (0001ms, 2334ms total)
T1ACC 239:239 JLINK_IsHalted()  returns TRUE (0000ms, 2333ms total)
T1ACC 239:440 JLINK_IsHalted()  returns TRUE (0000ms, 2333ms total)
T1ACC 239:644 JLINK_IsHalted()  returns TRUE (0001ms, 2334ms total)
T1ACC 239:846 JLINK_IsHalted()  returns TRUE (0000ms, 2334ms total)
T1ACC 240:047 JLINK_IsHalted()  returns TRUE (0000ms, 2334ms total)
T1ACC 240:249 JLINK_IsHalted()  returns TRUE (0001ms, 2335ms total)
T1ACC 240:451 JLINK_IsHalted()  returns TRUE (0000ms, 2334ms total)
T1ACC 240:651 JLINK_IsHalted()  returns TRUE (0000ms, 2334ms total)
T1ACC 240:851 JLINK_IsHalted()  returns TRUE (0001ms, 2335ms total)
T1ACC 241:052 JLINK_IsHalted()  returns TRUE (0000ms, 2334ms total)
T1ACC 241:252 JLINK_IsHalted()  returns TRUE (0000ms, 2334ms total)
T1ACC 241:453 JLINK_IsHalted()  returns TRUE (0000ms, 2334ms total)
T1ACC 241:654 JLINK_IsHalted()  returns TRUE (0000ms, 2334ms total)
T1ACC 241:856 JLINK_IsHalted()  returns TRUE (0000ms, 2334ms total)
T1ACC 242:060 JLINK_IsHalted()  returns TRUE (0001ms, 2335ms total)
T1ACC 242:261 JLINK_IsHalted()  returns TRUE (0000ms, 2334ms total)
T1ACC 242:462 JLINK_IsHalted()  returns TRUE (0000ms, 2334ms total)
T1ACC 242:663 JLINK_IsHalted()  returns TRUE (0001ms, 2335ms total)
T1ACC 242:864 JLINK_IsHalted()  returns TRUE (0000ms, 2334ms total)
T1ACC 243:065 JLINK_IsHalted()  returns TRUE (0000ms, 2334ms total)
T1ACC 243:267 JLINK_IsHalted()  returns TRUE (0001ms, 2335ms total)
T1ACC 243:468 JLINK_IsHalted()  returns TRUE (0000ms, 2334ms total)
T1ACC 243:669 JLINK_IsHalted()  returns TRUE (0000ms, 2334ms total)
T1ACC 243:872 JLINK_IsHalted()  returns TRUE (0001ms, 2335ms total)
T1ACC 244:073 JLINK_IsHalted()  returns TRUE (0000ms, 2334ms total)
T1ACC 244:273 JLINK_IsHalted()  returns TRUE (0000ms, 2334ms total)
T1ACC 244:474 JLINK_IsHalted()  returns TRUE (0001ms, 2335ms total)
T1ACC 244:678 JLINK_IsHalted()  returns TRUE (0000ms, 2334ms total)
T1ACC 244:879 JLINK_IsHalted()  returns TRUE (0000ms, 2334ms total)
T1ACC 245:081 JLINK_IsHalted()  returns TRUE (0001ms, 2335ms total)
T1ACC 245:283 JLINK_IsHalted()  returns TRUE (0000ms, 2334ms total)
T1ACC 245:490 JLINK_IsHalted()  returns TRUE (0000ms, 2334ms total)
T1ACC 245:691 JLINK_IsHalted()  returns TRUE (0001ms, 2335ms total)
T1ACC 245:894 JLINK_IsHalted()  returns TRUE (0000ms, 2334ms total)
T1ACC 246:094 JLINK_IsHalted()  returns TRUE (0000ms, 2334ms total)
T1ACC 246:298 JLINK_IsHalted()  returns TRUE (0001ms, 2335ms total)
T1ACC 246:499 JLINK_IsHalted()  returns TRUE (0000ms, 2335ms total)
T1ACC 246:699 JLINK_IsHalted()  returns TRUE (0000ms, 2335ms total)
T1ACC 246:899 JLINK_IsHalted()  returns TRUE (0001ms, 2336ms total)
T1ACC 247:103 JLINK_IsHalted()  returns TRUE (0000ms, 2335ms total)
T1ACC 247:303 JLINK_IsHalted()  returns TRUE (0000ms, 2335ms total)
T1ACC 247:503 JLINK_IsHalted()  returns TRUE (0001ms, 2336ms total)
T1ACC 247:704 JLINK_IsHalted()  returns TRUE (0000ms, 2335ms total)
T1ACC 247:910 JLINK_IsHalted()  returns TRUE (0000ms, 2335ms total)
T1ACC 248:111 JLINK_IsHalted()  returns TRUE (0000ms, 2335ms total)
T1ACC 248:313 JLINK_IsHalted()  returns TRUE (0000ms, 2335ms total)
T1ACC 248:513 JLINK_IsHalted()  returns TRUE (0000ms, 2335ms total)
T1ACC 248:714 JLINK_IsHalted()  returns TRUE (0001ms, 2336ms total)
T1ACC 248:915 JLINK_IsHalted()  returns TRUE (0000ms, 2335ms total)
T1ACC 249:117 JLINK_IsHalted()  returns TRUE (0000ms, 2335ms total)
T1ACC 249:317 JLINK_IsHalted()  returns TRUE (0001ms, 2336ms total)
T1ACC 249:523 JLINK_IsHalted()  returns TRUE (0000ms, 2335ms total)
T1ACC 249:723 JLINK_IsHalted()  returns TRUE (0000ms, 2335ms total)
T085C 249:780 JLINK_GetBPInfo(BPHandle = 1)  returns 0x00 (0000ms, 2335ms total)
T085C 249:780 JLINK_ClrBPEx(BPHandle = 0x00000001)  returns 0x00 (0000ms, 2335ms total)
T085C 249:780 JLINK_GetBPInfo(BPHandle = 2)  returns 0x00 (0000ms, 2335ms total)
T085C 249:780 JLINK_ClrBPEx(BPHandle = 0x00000002)  returns 0x00 (0000ms, 2335ms total)
T085C 249:781 JLINK_GetBPInfo(BPHandle = 3)  returns 0x00 (0000ms, 2335ms total)
T085C 249:781 JLINK_ClrBPEx(BPHandle = 0x00000003)  returns 0x00 (0000ms, 2335ms total)
T085C 249:781 JLINK_GetBPInfo(BPHandle = 4)  returns 0x80000000 (0000ms, 2335ms total)
T085C 249:781 JLINK_ClrBPEx(BPHandle = 0x00000004)  returns 0x00 (0000ms, 2335ms total)
T085C 249:781 JLINK_GetBPInfo(BPHandle = 5)  returns 0x80000000 (0000ms, 2335ms total)
T085C 249:781 JLINK_ClrBPEx(BPHandle = 0x00000005)  returns 0x00 (0000ms, 2335ms total)
T1ACC 249:924 JLINK_IsHalted()  returns TRUE (0001ms, 2336ms total)
T085C 249:927 JLINK_ResetPullsRESET(ON) (0000ms, 2335ms total)
T085C 249:927 JLINK_ResetNoHalt() >0x108 TIF>Found SWD-DP with ID 0x0BC11477 >0x0D TIF> >0x28 TIF> >0x0D TIF> >0x28 TIF> >0x0D TIF> >0x28 TIF> >0x0D TIF> >0x28 TIF> >0x0D TIF> >0x21 TIF> >0x0D TIF> >0x28 TIF> >0x0D TIF> >0x28 TIF> >0x0D TIF> >0x28 TIF> >0x0D TIF> >0x21 TIF> >0x0D TIF> >0x21 TIF> >0x108 TIF>Found SWD-DP with ID 0x0BC11477 >0x0D TIF> >0x28 TIF> >0x0D TIF> >0x28 TIF> >0x0D TIF> >0x28 TIF> >0x0D TIF> >0x28 TIF> >0x0D TIF> >0x21 TIF> >0x0D TIF> >0x28 TIF> >0x0D TIF> >0x28 TIF> >0x0D TIF>
 >0x21 TIF> >0x0D TIF> >0x21 TIF> >0x0D TIF> >0x21 TIF>AP-IDR: 0x04770031, Type: AHB-AP >0x0D TIF> >0x28 TIF> >0x0D TIF> >0x28 TIF> >0x0D TIF> >0x28 TIF> >0x0D TIF> >0x21 TIF> >0x0D TIF> >0x21 TIF> >0x0D TIF> >0x28 TIF> >0x0D TIF> >0x21 TIF> >0x0D TIF> >0x21 TIF>Found Cortex-M0 r0p1, Little endian. -- CPU_ReadMem(4 bytes @ 0xE000EDF0) -- CPU_ReadMem(4 bytes @ 0xE0002000) -- CPU_WriteMem(4 bytes @ 0xE0001000) -- CPU_ReadMem(4 bytes @ 0xE0001000)CoreSight components:ROMTbl 0 @ 41003000
 -- CPU_ReadMem(16 bytes @ 0x41003000) -- CPU_ReadMem(16 bytes @ 0xE00FFFF0) -- CPU_ReadMem(16 bytes @ 0xE00FFFE0)ROMTbl 0 [0]: 9F0FC000, CID: B105100D, PID: 000BB4C0 ROM TableROMTbl 1 @ E00FF000 -- CPU_ReadMem(16 bytes @ 0xE00FF000) -- CPU_ReadMem(16 bytes @ 0xE000EFF0) -- CPU_ReadMem(16 bytes @ 0xE000EFE0)ROMTbl 1 [0]: FFF0F000, CID: B105E00D, PID: 000BB008 SCS -- CPU_WriteMem(4 bytes @ 0xE0001000) -- CPU_WriteMem(4 bytes @ 0xE0001020) -- CPU_WriteMem(4 bytes @ 0xE0001030)
 -- CPU_WriteMem(4 bytes @ 0xE0001024) -- CPU_WriteMem(4 bytes @ 0xE0001034) -- CPU_WriteMem(4 bytes @ 0xE0001028) -- CPU_WriteMem(4 bytes @ 0xE0001038) -- CPU_ReadMem(16 bytes @ 0xE0001FF0) -- CPU_ReadMem(16 bytes @ 0xE0001FE0)ROMTbl 1 [1]: FFF02000, CID: B105E00D, PID: 000BB00A DWT -- CPU_ReadMem(16 bytes @ 0xE0002FF0) -- CPU_ReadMem(16 bytes @ 0xE0002FE0)ROMTbl 1 [2]: FFF03000, CID: B105E00D, PID: 000BB00B FPB -- CPU_ReadMem(16 bytes @ 0x41006FF0) -- CPU_ReadMem(16 bytes @ 0x41006FE0)
ROMTbl 0 [1]: 00003000, CID: B105900D, PID: 001BB932 MTB-M0+
                JLINK_Reset() -- CPU_ReadMem(4 bytes @ 0x41006004) -- CPU_ReadMem(4 bytes @ 0x20000000) -- CPU_WriteMem(4 bytes @ 0x20000000) -- CPU_ReadMem(4 bytes @ 0xE000EDFC) -- CPU_WriteMem(4 bytes @ 0xE000EDFC) -- CPU_WriteMem(4 bytes @ 0xE000ED0C) -- CPU is running -- CPU_ReadMem(4 bytes @ 0xE000EDF0) -- CPU is running -- CPU_ReadMem(4 bytes @ 0x41002100) -- CPU is running -- CPU_WriteMem(4 bytes @ 0x41002100) -- CPU is running -- CPU_ReadMem(4 bytes @ 0x41002100) -- CPU is running
 -- CPU_WriteMem(4 bytes @ 0xE000EDFC) -- CPU_WriteMem(4 bytes @ 0xE0002000) -- CPU_ReadMem(4 bytes @ 0xE000EDFC) -- CPU_ReadMem(4 bytes @ 0xE0001000) -- CPU_WriteMem(4 bytes @ 0xE0001000) (0201ms, 0201ms total)
                JLINK_Go() -- CPU_ReadMem(4 bytes @ 0xE0001000) -- CPU_WriteMem(4 bytes @ 0xE0001000) -- CPU_WriteMem(4 bytes @ 0xE0002008) -- CPU_WriteMem(4 bytes @ 0xE000200C) -- CPU_WriteMem(4 bytes @ 0xE0002010) -- CPU_WriteMem(4 bytes @ 0xE0002014) -- CPU_WriteMem(4 bytes @ 0xE0001004) (0005ms, 0206ms total)
               (0256ms, 2591ms total)
T085C 345:852 JLINK_EMU_SelectByUSBSN(SerialNo = 304439649)  returns 0xFFFFFFFF (0000ms, 2591ms total)
T085C 345:852 JLINK_GetFirmwareString(...) (0000ms, 2591ms total)
T085C 345:852 JLINK_GetHardwareVersion()  returns 0x13880 (0000ms, 2591ms total)
T085C 345:852 JLINK_GetDLLVersion()  returns 61200 (0000ms, 2591ms total)
T085C 345:866 JLINK_ExecCommand("ProjectFile = C:\Users\dell\AppData\Roaming\Atmel\jlink.config", ...).   returns 0x00 (0007ms, 2598ms total)
T085C 345:873  (0000ms, 2598ms total)
T085C 345:873 Closed (0000ms, 2598ms total)
